<?xml version="1.0" encoding="UTF-8"?>
<!-- Generated by org.testng.reporters.JUnitReportReporter -->
<testsuite hostname="LAPTOP-4BOLQVHO" failures="0" tests="2" name="ddtdemo.dex" time="53.015" errors="0" timestamp="2022-01-25T11:28:39 IST" skipped="0">
  <testcase classname="ddtdemo.dex" name="f" time="19.246"/>
  <system-out/>
  <testcase classname="ddtdemo.dex" name="f" time="33.769"/>
  <system-out/>
</testsuite> <!-- ddtdemo.dex -->
